# JRE version: OpenJDK Runtime Environment (21.0.8) (build 21.0.8+-14018985-b1038.68)
# Java VM: OpenJDK 64-Bit Server VM (21.0.8+-14018985-b1038.68, mixed mode, tiered, compressed oops, compressed class ptrs, g1 gc, windows-amd64)
GC Precious Log:
 CardTable entry size: 512
 Card Set container configuration: InlinePtr #cards 5 size 8 Array Of Cards #cards 12 size 40 Howl #buckets 4 coarsen threshold 1843 Howl Bitmap #cards 512 size 80 coarsen threshold 460 Card regions per heap region 1 cards per card region 2048
 CPUs: 12 total, 12 available
 Memory: 32405M
 Large Page Support: Disabled
 NUMA Support: Disabled
 Compressed Oops: Enabled (32-bit)
 Heap Region Size: 1M
 Heap Min Capacity: 8M
 Heap Initial Capacity: 508M
 Heap Max Capacity: 2G
 Pre-touch: Disabled
 Parallel Workers: 10
 Concurrent Workers: 3
 Concurrent Refinement Workers: 10
 Periodic GC: Disabled
Heap:
 garbage-first heap   total 393216K, used 252731K [0x0000000080000000, 0x0000000100000000)
  region size 1024K, 51 young (52224K), 7 survivors (7168K)
 Metaspace       used 178489K, committed 180224K, reserved 1245184K
  class space    used 24216K, committed 25088K, reserved 1048576K
GC Heap History (20 events):
Event: 9040.151 GC heap before
{Heap before GC invocations=72 (full 0):
 garbage-first heap   total 336896K, used 306696K [0x0000000080000000, 0x0000000100000000)
  region size 1024K, 111 young (113664K), 9 survivors (9216K)
 Metaspace       used 147757K, committed 149376K, reserved 1179648K
  class space    used 19631K, committed 20416K, reserved 1048576K
}
Event: 9040.164 GC heap after
{Heap after GC invocations=73 (full 0):
 garbage-first heap   total 336896K, used 217088K [0x0000000080000000, 0x0000000100000000)
  region size 1024K, 14 young (14336K), 14 survivors (14336K)
 Metaspace       used 147757K, committed 149376K, reserved 1179648K
  class space    used 19631K, committed 20416K, reserved 1048576K
}
Event: 9041.023 GC heap before
{Heap before GC invocations=73 (full 0):
 garbage-first heap   total 336896K, used 314368K [0x0000000080000000, 0x0000000100000000)
  region size 1024K, 98 young (100352K), 14 survivors (14336K)
 Metaspace       used 147938K, committed 149504K, reserved 1179648K
  class space    used 19645K, committed 20416K, reserved 1048576K
}
Event: 9041.039 GC heap after
{Heap after GC invocations=74 (full 0):
 garbage-first heap   total 353280K, used 210944K [0x0000000080000000, 0x0000000100000000)
  region size 1024K, 13 young (13312K), 13 survivors (13312K)
 Metaspace       used 147938K, committed 149504K, reserved 1179648K
  class space    used 19645K, committed 20416K, reserved 1048576K
}
Event: 9045.718 GC heap before
{Heap before GC invocations=74 (full 0):
 garbage-first heap   total 353280K, used 317440K [0x0000000080000000, 0x0000000100000000)
  region size 1024K, 111 young (113664K), 13 survivors (13312K)
 Metaspace       used 151917K, committed 153536K, reserved 1245184K
  class space    used 19925K, committed 20736K, reserved 1048576K
}
Event: 9045.734 GC heap after
{Heap after GC invocations=75 (full 0):
 garbage-first heap   total 353280K, used 219922K [0x0000000080000000, 0x0000000100000000)
  region size 1024K, 14 young (14336K), 14 survivors (14336K)
 Metaspace       used 151917K, committed 153536K, reserved 1245184K
  class space    used 19925K, committed 20736K, reserved 1048576K
}
Event: 9046.500 GC heap before
{Heap before GC invocations=75 (full 0):
 garbage-first heap   total 353280K, used 311058K [0x0000000080000000, 0x0000000100000000)
  region size 1024K, 104 young (106496K), 14 survivors (14336K)
 Metaspace       used 155252K, committed 156864K, reserved 1245184K
  class space    used 20416K, committed 21248K, reserved 1048576K
}
Event: 9046.514 GC heap after
{Heap after GC invocations=76 (full 0):
 garbage-first heap   total 353280K, used 233472K [0x0000000080000000, 0x0000000100000000)
  region size 1024K, 13 young (13312K), 13 survivors (13312K)
 Metaspace       used 155252K, committed 156864K, reserved 1245184K
  class space    used 20416K, committed 21248K, reserved 1048576K
}
Event: 9047.414 GC heap before
{Heap before GC invocations=77 (full 0):
 garbage-first heap   total 357376K, used 295936K [0x0000000080000000, 0x0000000100000000)
  region size 1024K, 94 young (96256K), 13 survivors (13312K)
 Metaspace       used 162064K, committed 163712K, reserved 1245184K
  class space    used 21532K, committed 22336K, reserved 1048576K
}
Event: 9047.426 GC heap after
{Heap after GC invocations=78 (full 0):
 garbage-first heap   total 357376K, used 224126K [0x0000000080000000, 0x0000000100000000)
  region size 1024K, 9 young (9216K), 9 survivors (9216K)
 Metaspace       used 162064K, committed 163712K, reserved 1245184K
  class space    used 21532K, committed 22336K, reserved 1048576K
}
Event: 9047.990 GC heap before
{Heap before GC invocations=78 (full 0):
 garbage-first heap   total 357376K, used 318334K [0x0000000080000000, 0x0000000100000000)
  region size 1024K, 100 young (102400K), 9 survivors (9216K)
 Metaspace       used 169630K, committed 171328K, reserved 1245184K
  class space    used 22975K, committed 23808K, reserved 1048576K
}
Event: 9048.006 GC heap after
{Heap after GC invocations=79 (full 0):
 garbage-first heap   total 357376K, used 208895K [0x0000000080000000, 0x0000000100000000)
  region size 1024K, 11 young (11264K), 11 survivors (11264K)
 Metaspace       used 169630K, committed 171328K, reserved 1245184K
  class space    used 22975K, committed 23808K, reserved 1048576K
}
Event: 9048.471 GC heap before
{Heap before GC invocations=79 (full 0):
 garbage-first heap   total 357376K, used 312319K [0x0000000080000000, 0x0000000100000000)
  region size 1024K, 112 young (114688K), 11 survivors (11264K)
 Metaspace       used 171868K, committed 173632K, reserved 1245184K
  class space    used 23209K, committed 24064K, reserved 1048576K
}
Event: 9048.483 GC heap after
{Heap after GC invocations=80 (full 0):
 garbage-first heap   total 357376K, used 209784K [0x0000000080000000, 0x0000000100000000)
  region size 1024K, 3 young (3072K), 3 survivors (3072K)
 Metaspace       used 171868K, committed 173632K, reserved 1245184K
  class space    used 23209K, committed 24064K, reserved 1048576K
}
Event: 9048.899 GC heap before
{Heap before GC invocations=80 (full 0):
 garbage-first heap   total 357376K, used 317304K [0x0000000080000000, 0x0000000100000000)
  region size 1024K, 109 young (111616K), 3 survivors (3072K)
 Metaspace       used 174156K, committed 175808K, reserved 1245184K
  class space    used 23571K, committed 24384K, reserved 1048576K
}
Event: 9048.903 GC heap after
{Heap after GC invocations=81 (full 0):
 garbage-first heap   total 357376K, used 211769K [0x0000000080000000, 0x0000000100000000)
  region size 1024K, 5 young (5120K), 5 survivors (5120K)
 Metaspace       used 174156K, committed 175808K, reserved 1245184K
  class space    used 23571K, committed 24384K, reserved 1048576K
}
Event: 9049.902 GC heap before
{Heap before GC invocations=82 (full 0):
 garbage-first heap   total 357376K, used 323385K [0x0000000080000000, 0x0000000100000000)
  region size 1024K, 114 young (116736K), 5 survivors (5120K)
 Metaspace       used 176456K, committed 178112K, reserved 1245184K
  class space    used 23932K, committed 24768K, reserved 1048576K
}
Event: 9049.911 GC heap after
{Heap after GC invocations=83 (full 0):
 garbage-first heap   total 357376K, used 221437K [0x0000000080000000, 0x0000000100000000)
  region size 1024K, 14 young (14336K), 14 survivors (14336K)
 Metaspace       used 176456K, committed 178112K, reserved 1245184K
  class space    used 23932K, committed 24768K, reserved 1048576K
}
Event: 9309.284 GC heap before
{Heap before GC invocations=83 (full 0):
 garbage-first heap   total 357376K, used 355581K [0x0000000080000000, 0x0000000100000000)
  region size 1024K, 105 young (107520K), 14 survivors (14336K)
 Metaspace       used 178460K, committed 180224K, reserved 1245184K
  class space    used 24216K, committed 25088K, reserved 1048576K
}
Event: 9309.304 GC heap after
{Heap after GC invocations=84 (full 0):
 garbage-first heap   total 393216K, used 208699K [0x0000000080000000, 0x0000000100000000)
  region size 1024K, 7 young (7168K), 7 survivors (7168K)
 Metaspace       used 178460K, committed 180224K, reserved 1245184K
  class space    used 24216K, committed 25088K, reserved 1048576K
}

